11:08:36 INFO  : Registering command handlers for SDK TCF services
11:08:37 INFO  : Launching XSCT server: xsct.bat -interactive H:\ese465\vivado\Microblaze\Microblaze.sdk\temp_xsdb_launch_script.tcl
11:08:38 INFO  : XSCT server has started successfully.
11:08:39 ERROR : Failed to call init_repo
Reason: couldn't read directory "C:/Windows/CCM/Inventory/idmifs/badmifs/*": permission denied
11:08:39 ERROR : Exception raised in executing the command =Failed to call init_repo
Reason: couldn't read directory "C:/Windows/CCM/Inventory/idmifs/badmifs/*": permission denied 
11:08:39 INFO  : Processing command line option -hwspec H:/ese465/vivado/Microblaze/Microblaze.sdk/microblaze_wrapper.hdf.
11:08:39 INFO  : Successfully done setting XSCT server connection channel  
11:08:39 INFO  : Successfully done setting SDK workspace  
11:12:58 INFO  : Registering command handlers for SDK TCF services
11:12:58 INFO  : Launching XSCT server: xsct.bat -interactive H:\ese465\vivado\Microblaze\Microblaze.sdk\temp_xsdb_launch_script.tcl
11:12:59 INFO  : XSCT server has started successfully.
11:13:00 ERROR : Failed to call init_repo
Reason: couldn't read directory "C:/Windows/CCM/Inventory/idmifs/badmifs/*": permission denied
11:13:00 ERROR : Exception raised in executing the command =Failed to call init_repo
Reason: couldn't read directory "C:/Windows/CCM/Inventory/idmifs/badmifs/*": permission denied 
11:13:00 INFO  : Processing command line option -hwspec H:/ese465/vivado/Microblaze/Microblaze.sdk/microblaze_wrapper.hdf.
11:13:00 INFO  : Successfully done setting XSCT server connection channel  
11:13:01 INFO  : Successfully done setting SDK workspace  
11:13:01 INFO  : Checking for hwspec changes in the project microblaze_wrapper_hw_platform_0.
