Copyright 1986-2017 Xilinx, Inc. All Rights Reserved.
-------------------------------------------------------------------------------------------------------------------------------------------
| Tool Version : Vivado v.2017.2 (win64) Build 1909853 Thu Jun 15 18:39:09 MDT 2017
| Date         : Sun Sep 17 11:00:16 2017
| Host         : URB115-06 running 64-bit Service Pack 1  (build 7601)
| Command      : report_methodology -file microblaze_wrapper_methodology_drc_routed.rpt -rpx microblaze_wrapper_methodology_drc_routed.rpx
| Design       : microblaze_wrapper
| Device       : xc7a100tcsg324-1
| Speed File   : -1
| Design State : Routed
-------------------------------------------------------------------------------------------------------------------------------------------

Report Methodology

Table of Contents
-----------------
1. REPORT SUMMARY
2. REPORT DETAILS

1. REPORT SUMMARY
-----------------
            Netlist: netlist
          Floorplan: design_1
      Design limits: <entire design considered>
             Max violations: <unlimited>
             Violations found: 4
+-----------+----------+-------------------------------+------------+
| Rule      | Severity | Description                   | Violations |
+-----------+----------+-------------------------------+------------+
| TIMING-9  | Warning  | Unknown CDC Logic             | 1          |
| TIMING-18 | Warning  | Missing input or output delay | 3          |
+-----------+----------+-------------------------------+------------+

2. REPORT DETAILS
-----------------
TIMING-9#1 Warning
Unknown CDC Logic  
One or more asynchronous Clock Domain Crossing has been detected between 2 clock domains through a set_false_path or a set_clock_groups or set_max_delay -datapath_only constraint but no double-registers logic synchronizer has been found on the side of the capture clock. It is recommended to run report_cdc for a complete and detailed CDC coverage. Please consider using XPM_CDC to avoid Critical severities
Related violations: <none>

TIMING-18#1 Warning
Missing input or output delay  
An input delay is missing on reset relative to clock(s) VIRTUAL_clk_out1_microblaze_clk_wiz_1_0 
Related violations: <none>

TIMING-18#2 Warning
Missing input or output delay  
An input delay is missing on usb_uart_rxd relative to clock(s) VIRTUAL_clk_out1_microblaze_clk_wiz_1_0 
Related violations: <none>

TIMING-18#3 Warning
Missing input or output delay  
An output delay is missing on usb_uart_txd relative to clock(s) VIRTUAL_clk_out1_microblaze_clk_wiz_1_0 
Related violations: <none>


