Exception at PC 0x000007FEA1FEBB93
Printing stacktrace...

[0]  [0x000007FEA1FEBB93]
[1]  [0x000007FEA1FEBB93]
[2]  [0x000007FEA1FEB4A1]
[3]  [0x000007FEA1FEB3EF]
[4]  [0x000007FEA1FD19FE]
[5]  [0x000007FEA1FD0ED1]
[6]  [0x000007FEA1FD0D76]
[7]  [0x000007FEA1F779F6]
[8]  [0x000007FEA1F67AFB]
[9]  [0x000007FEA208E90A]
[10]  [0x000007FEA20A9F87]
[11]  [0x000007FEA20AA05F]
[12] (BaseThreadInitThunk+0xd) [0x00000000775759CD]
[13] (RtlUserThreadStart+0x21) [0x00000000777AA561]
Done
Exception at PC 0x000007FEA1CF1A52
Attemped to write at address 0x000007FEECC0ABA4
Printing stacktrace...

[0]  [0x000007FEA1CF1A52]
[1]  [0x000007FEA1CF1A52]
[2]  [0x000007FEA1CF1AD4]
[3]  [0x000007FEA1E33FF7]
[4]  [0x000007FEA1D19128]
[5]  [0x000007FEA1FCDFB9]
[6]  [0x000007FEA219EF23]
[7]  [0x000007FEA20AB06B]
[8]  [0x000007FEA20A08AF]
[9]  [0x000007FEA20A0A32]
[10] (LdrShutdownProcess+0x1d1) [0x00000000777A2AC1]
[11] (RtlExitUserProcess+0x90) [0x00000000777A28D0]
[12] (wcstoui64+0x2fa) [0x000007FEFE4D99F2]
[13]  [0x00000000004014CD]
[14]  [0x000000000040151B]
[15] (BaseThreadInitThunk+0xd) [0x00000000775759CD]
[16] (RtlUserThreadStart+0x21) [0x00000000777AA561]
Done
